<?xml version="1.0" encoding="utf-8"?><testsuites name="pytest tests"><testsuite name="pytest" errors="0" failures="2" skipped="0" tests="18" time="92.201" timestamp="2026-09-15T01:03:29.087410+00:00" hostname="runnervmlun5p"><testcase classname="tests.integration.test_migration" name="test_copy_integrity_flags_dates_no_deletion_and_no_duplicates" time="13.049" /><testcase classname="tests.integration.test_migration" name="test_unicode_nested_selection_and_mapping" time="5.731" /><testcase classname="tests.integration.test_migration" name="test_bad_password_refused[1]" time="3.385" /><testcase classname="tests.integration.test_migration" name="test_bad_password_refused[2]" time="3.445" /><testcase classname="tests.integration.test_migration" name="test_tls_refusals[SSL-certificate]" time="3.365" /><testcase classname="tests.integration.test_migration" name="test_tls_refusals[SSL-hostname]" time="3.255" /><testcase classname="tests.integration.test_migration" name="test_tls_refusals[STARTTLS-certificate]" time="1.852" /><testcase classname="tests.integration.test_migration" name="test_tls_refusals[STARTTLS-hostname]" time="1.866" /><testcase classname="tests.integration.test_migration" name="test_starttls_copy" time="2.622" /><testcase classname="tests.integration.test_migration" name="test_server_announces_full_quota" time="5.304" /><testcase classname="tests.integration.test_migration" name="test_real_qprocess_runner" time="4.908" /><testcase classname="tests.integration.test_migration" name="test_resume_after_real_network_interruption" time="10.846" /><testcase classname="tests.integration.test_migration" name="test_starttls_unavailable_never_falls_back_to_cleartext" time="3.330" /><testcase classname="tests.integration.test_migration" name="test_dovecot_strict_quota_refuses_append_and_resumes" time="3.280" /><testcase classname="tests.integration.test_migration" name="test_date_filter_selects_by_internal_date_and_estimates_volume[SSL]" time="7.795"><failure message="AssertionError: Here is imapsync 2.314 /home/runner/work/Mailbox-Synchroniseur/Mailbox-Synchroniseur/.test-tools/imapsync on host runnervmlun5p, a linux system with 10.2/15.6 free GiB of RAM, 8.41% used by processes.&#10;  with Perl 5.38.2 and Mail::IMAPClient 3.43&#10;  Transfer started at Tuesday 15 September 2026-09-15 01:04:40 +0000 UTC&#10;  PID is 7259 my PPID is 6451&#10;  No log file because of option --nolog&#10;  Load is 0.73 0.39 0.18 1/284 on 4 cores&#10;  Real user id is runner (uid 1001)&#10;  Effective user id is runner (euid 1001)&#10;  $RCSfile: imapsync,v $ $Revision: 2.314 $ $Date: 2025/09/23 16:55:17 $ &#10;  Command line used, run by /usr/bin/perl:&#10;  /home/runner/work/Mailbox-Synchroniseur/Mailbox-Synchroniseur/.test-tools/imapsync --noreleasecheck --nolog --noexpunge1 --noexpunge2 --noresyncflags --regexflag s/\\Deleted//g --host1 localhost --user1 test --port1 36019 --ssl1 --notls1 --sslargs1 SSL_verify_mode=1 --sslargs1 SSL_verifycn_scheme=imap --sslargs1 SSL_verifycn_name=localhost --timeout1 30 --host2 localhost --user2 test --port2 53441 --ssl2 --notls2 --sslargs2 SSL_verify_mode=1 --sslargs2 SSL_verifycn_scheme=imap --sslargs2 SSL_verifycn_name=localhost --timeout2 30 --search SINCE 1-Jan-2020 BEFORE 1-Jan-2021&#10;  Current directory is /tmp/pytest-of-runner/pytest-0/test_date_filter_selects_by_in0&#10;  Temp directory is /home/runner/tmp ( to change it use --tmpdir dirpath )&#10;  Creating temp directory /home/runner/tmp&#10;  kill -QUIT 7259 # special behavior: call to sub catch_exit&#10;  kill -TERM 7259 # special behavior: call to sub catch_exit&#10;  kill -INT 7259 # special behavior: call to sub catch_reconnect&#10;  kill -HUP 7259 # special behavior: call to sub catch_print&#10;  kill -USR1 7259 # special behavior: call to sub toggle_sleep&#10;  Logging is off. To turn on logging, use --log&#10;  File /home/runner/tmp/imapsync.pid does not exist&#10;  PID file is /home/runner/tmp/imapsync.pid ( to change it, use --pidfile filepath ; to avoid it use --pidfile &quot;&quot; )&#10;  Writing my PID 7259 in /home/runner/tmp/imapsync.pid&#10;  Modules version list ( use --no-modulesversion to turn off printing this Perl modules list ):&#10;  Authen::NTLM         Not installed&#10;  CGI                  4.63&#10;  Compress::Zlib       2.204&#10;  Crypt::OpenSSL::RSA  Not installed&#10;  Digest::HMAC_MD5     1.04&#10;  Digest::HMAC_SHA1    1.04&#10;  Digest::MD5          2.58_01&#10;  Digest::SHA          6.04&#10;  Encode               3.19&#10;  Encode::IMAPUTF7     1.05&#10;  File::Copy::Recursive 0.45&#10;  File::Spec           3.88&#10;  Getopt::Long         2.54&#10;  HTML::Entities       3.81&#10;  IO::Socket           1.52&#10;  IO::Socket::INET     1.52&#10;  IO::Socket::INET6    Not installed&#10;  IO::Socket::IP       0.4101&#10;  IO::Socket::SSL      2.085&#10;  IO::Tee              0.65&#10;  JSON                 4.10&#10;  JSON::WebToken       Not installed&#10;  LWP                  Not installed&#10;  MIME::Base64         3.16_01&#10;  Mail::IMAPClient     3.43&#10;  Net::Ping            2.76&#10;  Net::SSLeay          1.94&#10;  Term::ReadKey        2.38&#10;  Test::MockObject     Not installed&#10;  Time::HiRes          1.9775&#10;  Unicode::String      2.10&#10;  &#10;  Info: will not resync flags for already transferred messages. Use --resyncflags to resync flags.&#10;  SSL debug mode level is --debugssl 1 (can be set from 0 meaning no debug to 4 meaning max debug)&#10;  Host1: SSL default mode is like --sslargs1 &quot;SSL_verify_mode=0&quot;, meaning for host1 SSL_VERIFY_NONE, ie, do not check the server certificate.&#10;  Host1: Use --sslargs1 SSL_verify_mode=1 to have SSL_VERIFY_PEER, ie, check the server certificate. of host1&#10;  Host2: SSL default mode is like --sslargs2 &quot;SSL_verify_mode=0&quot;, meaning for host2 SSL_VERIFY_NONE, ie, do not check the server certificate.&#10;  Host2: Use --sslargs2 SSL_verify_mode=1 to have SSL_VERIFY_PEER, ie, check the server certificate. of host2&#10;  Info: turned ON syncinternaldates, will set the internal dates (arrival dates) on host2 same as host1.&#10;  Host1: will try to use LOGIN authentication on host1&#10;  Host2: will try to use LOGIN authentication on host2&#10;  Host1: imap connection timeout is 30 seconds&#10;  Host2: imap connection timeout is 30 seconds&#10;  Host1: imap connection keepalive is on on host1. Use --nokeepalive1 to disable it.&#10;  Host2: imap connection keepalive is on on host2. Use --nokeepalive2 to disable it.&#10;  Checking each --regexflag command with an space string.&#10;  Ok with each --regexflag&#10;  Host1: IMAP server [localhost] port [36019] user [test]&#10;  Host2: IMAP server [localhost] port [53441] user [test]&#10;  Host1: connecting and login on host1 [localhost] port [36019] with user [test]&#10;  Host1 IP address: 127.0.0.1 Local IP address: 127.0.0.1&#10;  Host1 banner: * OK IMAP4rev1 Server GreenMail v2.1.3 ready&#10;  Host1 capability before authentication: IMAP4rev1 LITERAL+ UIDPLUS SORT IDLE MOVE QUOTA&#10;  Host1: success login on [localhost] with user [test] auth [LOGIN] or [LOGIN]&#10;  Host2: connecting and login on host2 [localhost] port [53441] with user [test]&#10;  Host2 IP address: 127.0.0.1 Local IP address: 127.0.0.1&#10;  Host2 banner: * OK IMAP4rev1 Server GreenMail v2.1.3 ready&#10;  Host2 capability before authentication: IMAP4rev1 LITERAL+ UIDPLUS SORT IDLE MOVE QUOTA&#10;  Host2: success login on [localhost] with user [test] auth [LOGIN] or [LOGIN]&#10;  Host1: state Authenticated&#10;  Host2: state Authenticated&#10;  Host1 capability once authenticated: IMAP4rev1 LITERAL+ UIDPLUS SORT IDLE MOVE QUOTA&#10;  Host2 capability once authenticated: IMAP4rev1 LITERAL+ UIDPLUS SORT IDLE MOVE QUOTA&#10;  Host1: No ID capability&#10;  Host2: No ID capability&#10;  &#10;  Host2: QUOTA capability found, presented in raw IMAP on next lines&#10;  Sending: 4 GETQUOTAROOT INBOX&#10;  Sent 22 bytes&#10;  Read: &#09;* QUOTAROOT INBOX&#10;  Read: &#09;4 OK GETQUOTAROOT completed.&#10;  &#10;  Host2: Quota current storage is 0 bytes. Limit is 0 bytes. So 0 % full&#10;  Host1: Compression is off. Use --compress1 to allow compression on host1&#10;  Host2: Compression is off. Use --compress2 to allow compression on host2&#10;  Compression often generates annoying errors, especially with SSL connexions, Gmail, Office365. So, avoid it.&#10;  Host1: found 1 folders.&#10;  Host2: found 1 folders.&#10;  Host1: guessing separator from folder listing: [/]&#10;  Host1: No NAMESPACE capability, so using guessed separator [/]&#10;  You can set the separator character with the --sep1 option,&#10;  the complete listing of folders may help you to find it&#10;  [INBOX]&#10;  Host2: guessing separator from folder listing: [/]&#10;  Host2: No NAMESPACE capability, so using guessed separator [/]&#10;  You can set the separator character with the --sep2 option,&#10;  the complete listing of folders may help you to find it&#10;  [INBOX]&#10;  Host1: guessing prefix from folder listing: []&#10;  Host1: No NAMESPACE capability so using guessed prefix []&#10;  You can set the prefix namespace with the --prefix1 option,&#10;  the folowing listing of folders may help you to find it:&#10;  [INBOX]&#10;  Host2: guessing prefix from folder listing: []&#10;  Host2: No NAMESPACE capability so using guessed prefix []&#10;  You can set the prefix namespace with the --prefix2 option,&#10;  the folowing listing of folders may help you to find it:&#10;  [INBOX]&#10;  Host1: separator and prefix: [/][]&#10;  Host2: separator and prefix: [/][]&#10;  Looking at INBOX or Inbox on both sides and deciding of the mapping to apply. Use --nofixInboxINBOX to avoid this behavior.&#10;  INBOX INBOX on both sides so no mapping applied.&#10;  Including all folders found by default. Use --subscribed or --folder or --folderrec or --include to select specific folders. Use --exclude to unselect specific folders.&#10;  Host1: Checking wanted folders exist. Use --nocheckfoldersexist to avoid this check (shared of public namespace targeted).&#10;  Host1: Checking wanted folders are selectable. Use --nocheckselectable to avoid this check.&#10;  Turned off automapping folders ( use --automap to turn on automapping )&#10;  &#10;  ++++ Listing folders&#10;  All foldernames are presented between brackets like [X] where X is the foldername.&#10;  When a foldername contains non-ASCII characters it is presented in the form&#10;  [X] = [Y] where&#10;  X is the imap foldername you have to use in command line options and&#10;  Y is the utf8 output just printed for convenience, to recognize it.&#10;  &#10;  Host1: folders list (first the raw imap format then the [X] = [Y]):&#10;  * LIST () &quot;.&quot; &quot;INBOX&quot;&#10;  9 OK LIST completed.&#10;  &#10;  [INBOX]&#10;  &#10;  Host2: folders list (first the raw imap format then the [X] = [Y]):&#10;  * LIST () &quot;.&quot; &quot;INBOX&quot;&#10;  9 OK LIST completed.&#10;  &#10;  [INBOX]&#10;  &#10;  Checking SEARCH ALL works on both accounts. To avoid that check, use --nochecknoabletosearch&#10;  Host1: checking if SEARCH ALL works on INBOX&#10;  Host1: folder [INBOX] has 3 messages mentioned by SELECT&#10;  Host1: folder [INBOX] has 3 messages found by SEARCH ALL&#10;  Host1: folder [INBOX] has the same messages count (3) by SELECT and SEARCH ALL&#10;  Host2: checking if SEARCH ALL works on INBOX&#10;  Host2: folder [INBOX] has 0 messages mentioned by SELECT&#10;  Host2: folder [INBOX] has 0 messages found by SEARCH ALL&#10;  Host2: folder [INBOX] has the same messages count (0) by SELECT and SEARCH ALL&#10;  Good! SEARCH ALL works on both accounts.&#10;  &#10;  Folders sizes before the synchronization. It can take some time. Be patient.&#10;  You can remove foldersizes listings by using &quot;--nofoldersizes&quot; and &quot;--nofoldersizesatend&quot;&#10;  but then you will also lose the ETA (Estimation Time of Arrival) given after each message copy.&#10;  Host1 folder     1/1 [INBOX]                             Size:     22830 Messages:     1 Biggest:     22830&#10;  Host2 folder     1/1 [INBOX]                             Size:         0 Messages:     0 Biggest:         0&#10;  Host2-Host1                                                       -22830              -1             -22830&#10;  &#10;  Host1 Nb folders:                     1 folders&#10;  Host2 Nb folders:                     1 folders&#10;  &#10;  Host1 Nb messages:                    1 messages&#10;  Host2 Nb messages:                    0 messages&#10;  &#10;  Host1 Total size:                 22830 bytes (22.295 KiB)&#10;  Host2 Total size:                     0 bytes (0.000 KiB)&#10;  &#10;  Host1 Biggest message:            22830 bytes (22.295 KiB)&#10;  Host2 Biggest message:                0 bytes (0.000 KiB)&#10;  &#10;  Time spent on sizing:         0.8 seconds&#10;  ++++ Looping on each one of 1 folders to sync&#10;  ETA: Tuesday 15 September 2026-09-15 01:04:41 +0000 UTC  0 s  1/1 msgs left&#10;  Folder     1/1 [INBOX]                             -&gt; [INBOX]                            &#10;  Host1: folder [INBOX] has 3 messages in total (mentioned by SELECT)&#10;  Host2: folder [INBOX] has 0 messages in total (mentioned by SELECT)&#10;  Host2: folder [INBOX] permanentflags: &#10;  Host1: folder [INBOX] considering 1 messages&#10;  Host2: folder [INBOX] considering 0 messages&#10;  Host1: folder [INBOX] selected 1 messages, duplicates 0&#10;  Host2: folder [INBOX] selected 0 messages, duplicates 0&#10;  msg INBOX/2 {23145}           copied to INBOX/1          3.82 msgs/s  86.323 KiB/s 22.603 KiB copied ETA: Tuesday 15 September 2026-09-15 01:04:42 +0000 UTC  0 s  0/1 msgs left&#10;  ETA: Tuesday 15 September 2026-09-15 01:04:42 +0000 UTC  0 s  0/1 msgs left&#10;  ++++ End looping on each folder&#10;  &#10;  Folders sizes after the synchronization.&#10;  You can remove this foldersizes listing by using  &quot;--nofoldersizesatend&quot;&#10;  Host1 folder     1/1 [INBOX]                             Size:     22830 Messages:     1 Biggest:     22830&#10;  Host2 folder     1/1 [INBOX]                             Size:     22830 Messages:     1 Biggest:     22830&#10;  Host2-Host1                                                            0               0                  0&#10;  &#10;  Host1 Nb folders:                     1 folders&#10;  Host2 Nb folders:                     1 folders&#10;  &#10;  Host1 Nb messages:                    1 messages&#10;  Host2 Nb messages:                    1 messages&#10;  &#10;  Host1 Total size:                 22830 bytes (22.295 KiB)&#10;  Host2 Total size:                 22830 bytes (22.295 KiB)&#10;  &#10;  Host1 Biggest message:            22830 bytes (22.295 KiB)&#10;  Host2 Biggest message:            22830 bytes (22.295 KiB)&#10;  &#10;  Time spent on sizing:         0.2 seconds&#10;  ++++ Statistics&#10;  Transfer started on                     : Tuesday 15 September 2026-09-15 01:04:40 +0000 UTC&#10;  Transfer ended on                       : Tuesday 15 September 2026-09-15 01:04:42 +0000 UTC&#10;  Transfer time                           : 1.3 sec&#10;  Folders synced                          : 1/1 synced&#10;  Folders deleted on host2                : 0 &#10;  Messages transferred                    : 1 &#10;  Messages skipped                        : 0&#10;  Messages found duplicate on host1       : 0&#10;  Messages found duplicate on host2       : 0&#10;  Messages found crossduplicate on host2  : 0&#10;  Messages void (noheader) on host1       : 0  &#10;  Messages void (noheader) on host2       : 0&#10;  Messages found in host1 not in host2    : 0 messages&#10;  Messages found in host2 not in host1    : 0 messages&#10;  Messages deleted on host1               : 0&#10;  Messages deleted on host2               : 0&#10;  Total bytes transferred                 : 23145 (22.603 KiB)&#10;  Total bytes skipped                     : 0 (0.000 KiB)&#10;  Message rate                            : 0.8 messages/s&#10;  Average bandwidth rate                  : 17.2 KiB/s&#10;  Reconnections to host1                  : 0&#10;  Reconnections to host2                  : 0&#10;  Memory consumption at the end           : 168.5 MiB (*time 0.1 MiB*h) (started with 162.8 MiB)&#10;  Load end is                             : 0.73 0.39 0.18 1/287 on 4 cores&#10;  CPU time and %cpu                       : 0.45 sec 34.2 %cpu 8.6 %allcpus&#10;  Biggest message transferred             : 23145 bytes (22.603 KiB)&#10;  Memory/biggest message ratio            : 7633.5&#10;  Start difference host2 - host1          : -1 messages, -22830 bytes (-22.295 KiB)&#10;  Final difference host2 - host1          : 0 messages, 0 bytes (0.000 KiB)&#10;  The sync looks good, all 1 identified messages in host1 are on host2.&#10;  There is no unidentified message on host1.&#10;  The sync is strict, all 1 identified messages in host2 are on host1.&#10;  Detected 0 errors&#10;  Check if a new imapsync release is available by adding --releasecheck&#10;  Homepage: https://imapsync.lamiral.info/&#10;  Exiting with return value 0 (EX_OK: successful termination) 0/50 nb_errors/max_errors PID 7259&#10;  Removing pidfile /home/runner/tmp/imapsync.pid&#10;  No log file because of option --nolog&#10;  &#10;assert 23145 == 22830&#10; +  where 23145 = MigrationReport(mode=&lt;Mode.COPY: 'copy'&gt;, transferred=1, plannable=None, skipped=0, errors=0, missing=0, unidentified=...pped_bytes=0, transferred_bytes=23145, size_filtered=0, size_filter=False, exit_code=0, cancelled=False, crashed=False).transferred_bytes">tests/integration/test_migration.py:374: in test_date_filter_selects_by_internal_date_and_estimates_volume
    assert report.transferred_bytes == sizes(source)[1], copied.stdout
E   AssertionError: Here is imapsync 2.314 /home/runner/work/Mailbox-Synchroniseur/Mailbox-Synchroniseur/.test-tools/imapsync on host runnervmlun5p, a linux system with 10.2/15.6 free GiB of RAM, 8.41% used by processes.
E     with Perl 5.38.2 and Mail::IMAPClient 3.43
E     Transfer started at Tuesday 15 September 2026-09-15 01:04:40 +0000 UTC
E     PID is 7259 my PPID is 6451
E     No log file because of option --nolog
E     Load is 0.73 0.39 0.18 1/284 on 4 cores
E     Real user id is runner (uid 1001)
E     Effective user id is runner (euid 1001)
E     $RCSfile: imapsync,v $ $Revision: 2.314 $ $Date: 2025/09/23 16:55:17 $ 
E     Command line used, run by /usr/bin/perl:
E     /home/runner/work/Mailbox-Synchroniseur/Mailbox-Synchroniseur/.test-tools/imapsync --noreleasecheck --nolog --noexpunge1 --noexpunge2 --noresyncflags --regexflag s/\\Deleted//g --host1 localhost --user1 test --port1 36019 --ssl1 --notls1 --sslargs1 SSL_verify_mode=1 --sslargs1 SSL_verifycn_scheme=imap --sslargs1 SSL_verifycn_name=localhost --timeout1 30 --host2 localhost --user2 test --port2 53441 --ssl2 --notls2 --sslargs2 SSL_verify_mode=1 --sslargs2 SSL_verifycn_scheme=imap --sslargs2 SSL_verifycn_name=localhost --timeout2 30 --search SINCE 1-Jan-2020 BEFORE 1-Jan-2021
E     Current directory is /tmp/pytest-of-runner/pytest-0/test_date_filter_selects_by_in0
E     Temp directory is /home/runner/tmp ( to change it use --tmpdir dirpath )
E     Creating temp directory /home/runner/tmp
E     kill -QUIT 7259 # special behavior: call to sub catch_exit
E     kill -TERM 7259 # special behavior: call to sub catch_exit
E     kill -INT 7259 # special behavior: call to sub catch_reconnect
E     kill -HUP 7259 # special behavior: call to sub catch_print
E     kill -USR1 7259 # special behavior: call to sub toggle_sleep
E     Logging is off. To turn on logging, use --log
E     File /home/runner/tmp/imapsync.pid does not exist
E     PID file is /home/runner/tmp/imapsync.pid ( to change it, use --pidfile filepath ; to avoid it use --pidfile "" )
E     Writing my PID 7259 in /home/runner/tmp/imapsync.pid
E     Modules version list ( use --no-modulesversion to turn off printing this Perl modules list ):
E     Authen::NTLM         Not installed
E     CGI                  4.63
E     Compress::Zlib       2.204
E     Crypt::OpenSSL::RSA  Not installed
E     Digest::HMAC_MD5     1.04
E     Digest::HMAC_SHA1    1.04
E     Digest::MD5          2.58_01
E     Digest::SHA          6.04
E     Encode               3.19
E     Encode::IMAPUTF7     1.05
E     File::Copy::Recursive 0.45
E     File::Spec           3.88
E     Getopt::Long         2.54
E     HTML::Entities       3.81
E     IO::Socket           1.52
E     IO::Socket::INET     1.52
E     IO::Socket::INET6    Not installed
E     IO::Socket::IP       0.4101
E     IO::Socket::SSL      2.085
E     IO::Tee              0.65
E     JSON                 4.10
E     JSON::WebToken       Not installed
E     LWP                  Not installed
E     MIME::Base64         3.16_01
E     Mail::IMAPClient     3.43
E     Net::Ping            2.76
E     Net::SSLeay          1.94
E     Term::ReadKey        2.38
E     Test::MockObject     Not installed
E     Time::HiRes          1.9775
E     Unicode::String      2.10
E     
E     Info: will not resync flags for already transferred messages. Use --resyncflags to resync flags.
E     SSL debug mode level is --debugssl 1 (can be set from 0 meaning no debug to 4 meaning max debug)
E     Host1: SSL default mode is like --sslargs1 "SSL_verify_mode=0", meaning for host1 SSL_VERIFY_NONE, ie, do not check the server certificate.
E     Host1: Use --sslargs1 SSL_verify_mode=1 to have SSL_VERIFY_PEER, ie, check the server certificate. of host1
E     Host2: SSL default mode is like --sslargs2 "SSL_verify_mode=0", meaning for host2 SSL_VERIFY_NONE, ie, do not check the server certificate.
E     Host2: Use --sslargs2 SSL_verify_mode=1 to have SSL_VERIFY_PEER, ie, check the server certificate. of host2
E     Info: turned ON syncinternaldates, will set the internal dates (arrival dates) on host2 same as host1.
E     Host1: will try to use LOGIN authentication on host1
E     Host2: will try to use LOGIN authentication on host2
E     Host1: imap connection timeout is 30 seconds
E     Host2: imap connection timeout is 30 seconds
E     Host1: imap connection keepalive is on on host1. Use --nokeepalive1 to disable it.
E     Host2: imap connection keepalive is on on host2. Use --nokeepalive2 to disable it.
E     Checking each --regexflag command with an space string.
E     Ok with each --regexflag
E     Host1: IMAP server [localhost] port [36019] user [test]
E     Host2: IMAP server [localhost] port [53441] user [test]
E     Host1: connecting and login on host1 [localhost] port [36019] with user [test]
E     Host1 IP address: 127.0.0.1 Local IP address: 127.0.0.1
E     Host1 banner: * OK IMAP4rev1 Server GreenMail v2.1.3 ready
E     Host1 capability before authentication: IMAP4rev1 LITERAL+ UIDPLUS SORT IDLE MOVE QUOTA
E     Host1: success login on [localhost] with user [test] auth [LOGIN] or [LOGIN]
E     Host2: connecting and login on host2 [localhost] port [53441] with user [test]
E     Host2 IP address: 127.0.0.1 Local IP address: 127.0.0.1
E     Host2 banner: * OK IMAP4rev1 Server GreenMail v2.1.3 ready
E     Host2 capability before authentication: IMAP4rev1 LITERAL+ UIDPLUS SORT IDLE MOVE QUOTA
E     Host2: success login on [localhost] with user [test] auth [LOGIN] or [LOGIN]
E     Host1: state Authenticated
E     Host2: state Authenticated
E     Host1 capability once authenticated: IMAP4rev1 LITERAL+ UIDPLUS SORT IDLE MOVE QUOTA
E     Host2 capability once authenticated: IMAP4rev1 LITERAL+ UIDPLUS SORT IDLE MOVE QUOTA
E     Host1: No ID capability
E     Host2: No ID capability
E     
E     Host2: QUOTA capability found, presented in raw IMAP on next lines
E     Sending: 4 GETQUOTAROOT INBOX
E     Sent 22 bytes
E     Read: 	* QUOTAROOT INBOX
E     Read: 	4 OK GETQUOTAROOT completed.
E     
E     Host2: Quota current storage is 0 bytes. Limit is 0 bytes. So 0 % full
E     Host1: Compression is off. Use --compress1 to allow compression on host1
E     Host2: Compression is off. Use --compress2 to allow compression on host2
E     Compression often generates annoying errors, especially with SSL connexions, Gmail, Office365. So, avoid it.
E     Host1: found 1 folders.
E     Host2: found 1 folders.
E     Host1: guessing separator from folder listing: [/]
E     Host1: No NAMESPACE capability, so using guessed separator [/]
E     You can set the separator character with the --sep1 option,
E     the complete listing of folders may help you to find it
E     [INBOX]
E     Host2: guessing separator from folder listing: [/]
E     Host2: No NAMESPACE capability, so using guessed separator [/]
E     You can set the separator character with the --sep2 option,
E     the complete listing of folders may help you to find it
E     [INBOX]
E     Host1: guessing prefix from folder listing: []
E     Host1: No NAMESPACE capability so using guessed prefix []
E     You can set the prefix namespace with the --prefix1 option,
E     the folowing listing of folders may help you to find it:
E     [INBOX]
E     Host2: guessing prefix from folder listing: []
E     Host2: No NAMESPACE capability so using guessed prefix []
E     You can set the prefix namespace with the --prefix2 option,
E     the folowing listing of folders may help you to find it:
E     [INBOX]
E     Host1: separator and prefix: [/][]
E     Host2: separator and prefix: [/][]
E     Looking at INBOX or Inbox on both sides and deciding of the mapping to apply. Use --nofixInboxINBOX to avoid this behavior.
E     INBOX INBOX on both sides so no mapping applied.
E     Including all folders found by default. Use --subscribed or --folder or --folderrec or --include to select specific folders. Use --exclude to unselect specific folders.
E     Host1: Checking wanted folders exist. Use --nocheckfoldersexist to avoid this check (shared of public namespace targeted).
E     Host1: Checking wanted folders are selectable. Use --nocheckselectable to avoid this check.
E     Turned off automapping folders ( use --automap to turn on automapping )
E     
E     ++++ Listing folders
E     All foldernames are presented between brackets like [X] where X is the foldername.
E     When a foldername contains non-ASCII characters it is presented in the form
E     [X] = [Y] where
E     X is the imap foldername you have to use in command line options and
E     Y is the utf8 output just printed for convenience, to recognize it.
E     
E     Host1: folders list (first the raw imap format then the [X] = [Y]):
E     * LIST () "." "INBOX"
E     9 OK LIST completed.
E     
E     [INBOX]
E     
E     Host2: folders list (first the raw imap format then the [X] = [Y]):
E     * LIST () "." "INBOX"
E     9 OK LIST completed.
E     
E     [INBOX]
E     
E     Checking SEARCH ALL works on both accounts. To avoid that check, use --nochecknoabletosearch
E     Host1: checking if SEARCH ALL works on INBOX
E     Host1: folder [INBOX] has 3 messages mentioned by SELECT
E     Host1: folder [INBOX] has 3 messages found by SEARCH ALL
E     Host1: folder [INBOX] has the same messages count (3) by SELECT and SEARCH ALL
E     Host2: checking if SEARCH ALL works on INBOX
E     Host2: folder [INBOX] has 0 messages mentioned by SELECT
E     Host2: folder [INBOX] has 0 messages found by SEARCH ALL
E     Host2: folder [INBOX] has the same messages count (0) by SELECT and SEARCH ALL
E     Good! SEARCH ALL works on both accounts.
E     
E     Folders sizes before the synchronization. It can take some time. Be patient.
E     You can remove foldersizes listings by using "--nofoldersizes" and "--nofoldersizesatend"
E     but then you will also lose the ETA (Estimation Time of Arrival) given after each message copy.
E     Host1 folder     1/1 [INBOX]                             Size:     22830 Messages:     1 Biggest:     22830
E     Host2 folder     1/1 [INBOX]                             Size:         0 Messages:     0 Biggest:         0
E     Host2-Host1                                                       -22830              -1             -22830
E     
E     Host1 Nb folders:                     1 folders
E     Host2 Nb folders:                     1 folders
E     
E     Host1 Nb messages:                    1 messages
E     Host2 Nb messages:                    0 messages
E     
E     Host1 Total size:                 22830 bytes (22.295 KiB)
E     Host2 Total size:                     0 bytes (0.000 KiB)
E     
E     Host1 Biggest message:            22830 bytes (22.295 KiB)
E     Host2 Biggest message:                0 bytes (0.000 KiB)
E     
E     Time spent on sizing:         0.8 seconds
E     ++++ Looping on each one of 1 folders to sync
E     ETA: Tuesday 15 September 2026-09-15 01:04:41 +0000 UTC  0 s  1/1 msgs left
E     Folder     1/1 [INBOX]                             -&gt; [INBOX]                            
E     Host1: folder [INBOX] has 3 messages in total (mentioned by SELECT)
E     Host2: folder [INBOX] has 0 messages in total (mentioned by SELECT)
E     Host2: folder [INBOX] permanentflags: 
E     Host1: folder [INBOX] considering 1 messages
E     Host2: folder [INBOX] considering 0 messages
E     Host1: folder [INBOX] selected 1 messages, duplicates 0
E     Host2: folder [INBOX] selected 0 messages, duplicates 0
E     msg INBOX/2 {23145}           copied to INBOX/1          3.82 msgs/s  86.323 KiB/s 22.603 KiB copied ETA: Tuesday 15 September 2026-09-15 01:04:42 +0000 UTC  0 s  0/1 msgs left
E     ETA: Tuesday 15 September 2026-09-15 01:04:42 +0000 UTC  0 s  0/1 msgs left
E     ++++ End looping on each folder
E     
E     Folders sizes after the synchronization.
E     You can remove this foldersizes listing by using  "--nofoldersizesatend"
E     Host1 folder     1/1 [INBOX]                             Size:     22830 Messages:     1 Biggest:     22830
E     Host2 folder     1/1 [INBOX]                             Size:     22830 Messages:     1 Biggest:     22830
E     Host2-Host1                                                            0               0                  0
E     
E     Host1 Nb folders:                     1 folders
E     Host2 Nb folders:                     1 folders
E     
E     Host1 Nb messages:                    1 messages
E     Host2 Nb messages:                    1 messages
E     
E     Host1 Total size:                 22830 bytes (22.295 KiB)
E     Host2 Total size:                 22830 bytes (22.295 KiB)
E     
E     Host1 Biggest message:            22830 bytes (22.295 KiB)
E     Host2 Biggest message:            22830 bytes (22.295 KiB)
E     
E     Time spent on sizing:         0.2 seconds
E     ++++ Statistics
E     Transfer started on                     : Tuesday 15 September 2026-09-15 01:04:40 +0000 UTC
E     Transfer ended on                       : Tuesday 15 September 2026-09-15 01:04:42 +0000 UTC
E     Transfer time                           : 1.3 sec
E     Folders synced                          : 1/1 synced
E     Folders deleted on host2                : 0 
E     Messages transferred                    : 1 
E     Messages skipped                        : 0
E     Messages found duplicate on host1       : 0
E     Messages found duplicate on host2       : 0
E     Messages found crossduplicate on host2  : 0
E     Messages void (noheader) on host1       : 0  
E     Messages void (noheader) on host2       : 0
E     Messages found in host1 not in host2    : 0 messages
E     Messages found in host2 not in host1    : 0 messages
E     Messages deleted on host1               : 0
E     Messages deleted on host2               : 0
E     Total bytes transferred                 : 23145 (22.603 KiB)
E     Total bytes skipped                     : 0 (0.000 KiB)
E     Message rate                            : 0.8 messages/s
E     Average bandwidth rate                  : 17.2 KiB/s
E     Reconnections to host1                  : 0
E     Reconnections to host2                  : 0
E     Memory consumption at the end           : 168.5 MiB (*time 0.1 MiB*h) (started with 162.8 MiB)
E     Load end is                             : 0.73 0.39 0.18 1/287 on 4 cores
E     CPU time and %cpu                       : 0.45 sec 34.2 %cpu 8.6 %allcpus
E     Biggest message transferred             : 23145 bytes (22.603 KiB)
E     Memory/biggest message ratio            : 7633.5
E     Start difference host2 - host1          : -1 messages, -22830 bytes (-22.295 KiB)
E     Final difference host2 - host1          : 0 messages, 0 bytes (0.000 KiB)
E     The sync looks good, all 1 identified messages in host1 are on host2.
E     There is no unidentified message on host1.
E     The sync is strict, all 1 identified messages in host2 are on host1.
E     Detected 0 errors
E     Check if a new imapsync release is available by adding --releasecheck
E     Homepage: https://imapsync.lamiral.info/
E     Exiting with return value 0 (EX_OK: successful termination) 0/50 nb_errors/max_errors PID 7259
E     Removing pidfile /home/runner/tmp/imapsync.pid
E     No log file because of option --nolog
E     
E   assert 23145 == 22830
E    +  where 23145 = MigrationReport(mode=&lt;Mode.COPY: 'copy'&gt;, transferred=1, plannable=None, skipped=0, errors=0, missing=0, unidentified=...pped_bytes=0, transferred_bytes=23145, size_filtered=0, size_filter=False, exit_code=0, cancelled=False, crashed=False).transferred_bytes</failure></testcase><testcase classname="tests.integration.test_migration" name="test_date_filter_selects_by_internal_date_and_estimates_volume[STARTTLS]" time="5.997" /><testcase classname="tests.integration.test_migration" name="test_size_filter_skips_large_messages_and_accounts_for_them[SSL]" time="7.005"><failure message="AssertionError: Here is imapsync 2.314 /home/runner/work/Mailbox-Synchroniseur/Mailbox-Synchroniseur/.test-tools/imapsync on host runnervmlun5p, a linux system with 10.3/15.6 free GiB of RAM, 8.42% used by processes.&#10;  with Perl 5.38.2 and Mail::IMAPClient 3.43&#10;  Transfer started at Tuesday 15 September 2026-09-15 01:04:54 +0000 UTC&#10;  PID is 7359 my PPID is 6451&#10;  No log file because of option --nolog&#10;  Load is 0.72 0.40 0.19 1/284 on 4 cores&#10;  Real user id is runner (uid 1001)&#10;  Effective user id is runner (euid 1001)&#10;  $RCSfile: imapsync,v $ $Revision: 2.314 $ $Date: 2025/09/23 16:55:17 $ &#10;  Command line used, run by /usr/bin/perl:&#10;  /home/runner/work/Mailbox-Synchroniseur/Mailbox-Synchroniseur/.test-tools/imapsync --noreleasecheck --nolog --noexpunge1 --noexpunge2 --noresyncflags --regexflag s/\\Deleted//g --host1 localhost --user1 test --port1 54819 --ssl1 --notls1 --sslargs1 SSL_verify_mode=1 --sslargs1 SSL_verifycn_scheme=imap --sslargs1 SSL_verifycn_name=localhost --timeout1 30 --host2 localhost --user2 test --port2 44519 --ssl2 --notls2 --sslargs2 SSL_verify_mode=1 --sslargs2 SSL_verifycn_scheme=imap --sslargs2 SSL_verifycn_name=localhost --timeout2 30 --maxsize 4096&#10;  Current directory is /tmp/pytest-of-runner/pytest-0/test_size_filter_skips_large_m0&#10;  Temp directory is /home/runner/tmp ( to change it use --tmpdir dirpath )&#10;  Creating temp directory /home/runner/tmp&#10;  kill -QUIT 7359 # special behavior: call to sub catch_exit&#10;  kill -TERM 7359 # special behavior: call to sub catch_exit&#10;  kill -INT 7359 # special behavior: call to sub catch_reconnect&#10;  kill -HUP 7359 # special behavior: call to sub catch_print&#10;  kill -USR1 7359 # special behavior: call to sub toggle_sleep&#10;  Logging is off. To turn on logging, use --log&#10;  File /home/runner/tmp/imapsync.pid does not exist&#10;  PID file is /home/runner/tmp/imapsync.pid ( to change it, use --pidfile filepath ; to avoid it use --pidfile &quot;&quot; )&#10;  Writing my PID 7359 in /home/runner/tmp/imapsync.pid&#10;  Modules version list ( use --no-modulesversion to turn off printing this Perl modules list ):&#10;  Authen::NTLM         Not installed&#10;  CGI                  4.63&#10;  Compress::Zlib       2.204&#10;  Crypt::OpenSSL::RSA  Not installed&#10;  Digest::HMAC_MD5     1.04&#10;  Digest::HMAC_SHA1    1.04&#10;  Digest::MD5          2.58_01&#10;  Digest::SHA          6.04&#10;  Encode               3.19&#10;  Encode::IMAPUTF7     1.05&#10;  File::Copy::Recursive 0.45&#10;  File::Spec           3.88&#10;  Getopt::Long         2.54&#10;  HTML::Entities       3.81&#10;  IO::Socket           1.52&#10;  IO::Socket::INET     1.52&#10;  IO::Socket::INET6    Not installed&#10;  IO::Socket::IP       0.4101&#10;  IO::Socket::SSL      2.085&#10;  IO::Tee              0.65&#10;  JSON                 4.10&#10;  JSON::WebToken       Not installed&#10;  LWP                  Not installed&#10;  MIME::Base64         3.16_01&#10;  Mail::IMAPClient     3.43&#10;  Net::Ping            2.76&#10;  Net::SSLeay          1.94&#10;  Term::ReadKey        2.38&#10;  Test::MockObject     Not installed&#10;  Time::HiRes          1.9775&#10;  Unicode::String      2.10&#10;  &#10;  Info: will not resync flags for already transferred messages. Use --resyncflags to resync flags.&#10;  SSL debug mode level is --debugssl 1 (can be set from 0 meaning no debug to 4 meaning max debug)&#10;  Host1: SSL default mode is like --sslargs1 &quot;SSL_verify_mode=0&quot;, meaning for host1 SSL_VERIFY_NONE, ie, do not check the server certificate.&#10;  Host1: Use --sslargs1 SSL_verify_mode=1 to have SSL_VERIFY_PEER, ie, check the server certificate. of host1&#10;  Host2: SSL default mode is like --sslargs2 &quot;SSL_verify_mode=0&quot;, meaning for host2 SSL_VERIFY_NONE, ie, do not check the server certificate.&#10;  Host2: Use --sslargs2 SSL_verify_mode=1 to have SSL_VERIFY_PEER, ie, check the server certificate. of host2&#10;  Info: turned ON syncinternaldates, will set the internal dates (arrival dates) on host2 same as host1.&#10;  Host1: will try to use LOGIN authentication on host1&#10;  Host2: will try to use LOGIN authentication on host2&#10;  Host1: imap connection timeout is 30 seconds&#10;  Host2: imap connection timeout is 30 seconds&#10;  Host1: imap connection keepalive is on on host1. Use --nokeepalive1 to disable it.&#10;  Host2: imap connection keepalive is on on host2. Use --nokeepalive2 to disable it.&#10;  Checking each --regexflag command with an space string.&#10;  Ok with each --regexflag&#10;  Host1: IMAP server [localhost] port [54819] user [test]&#10;  Host2: IMAP server [localhost] port [44519] user [test]&#10;  Host1: connecting and login on host1 [localhost] port [54819] with user [test]&#10;  Host1 IP address: 127.0.0.1 Local IP address: 127.0.0.1&#10;  Host1 banner: * OK IMAP4rev1 Server GreenMail v2.1.3 ready&#10;  Host1 capability before authentication: IMAP4rev1 LITERAL+ UIDPLUS SORT IDLE MOVE QUOTA&#10;  Host1: success login on [localhost] with user [test] auth [LOGIN] or [LOGIN]&#10;  Host2: connecting and login on host2 [localhost] port [44519] with user [test]&#10;  Host2 IP address: 127.0.0.1 Local IP address: 127.0.0.1&#10;  Host2 banner: * OK IMAP4rev1 Server GreenMail v2.1.3 ready&#10;  Host2 capability before authentication: IMAP4rev1 LITERAL+ UIDPLUS SORT IDLE MOVE QUOTA&#10;  Host2: success login on [localhost] with user [test] auth [LOGIN] or [LOGIN]&#10;  Host1: state Authenticated&#10;  Host2: state Authenticated&#10;  Host1 capability once authenticated: IMAP4rev1 LITERAL+ UIDPLUS SORT IDLE MOVE QUOTA&#10;  Host2 capability once authenticated: IMAP4rev1 LITERAL+ UIDPLUS SORT IDLE MOVE QUOTA&#10;  Host1: No ID capability&#10;  Host2: No ID capability&#10;  &#10;  Host2: QUOTA capability found, presented in raw IMAP on next lines&#10;  Sending: 4 GETQUOTAROOT INBOX&#10;  Sent 22 bytes&#10;  Read: &#09;* QUOTAROOT INBOX&#10;  Read: &#09;4 OK GETQUOTAROOT completed.&#10;  &#10;  Host2: Quota current storage is 0 bytes. Limit is 0 bytes. So 0 % full&#10;  Host1: Compression is off. Use --compress1 to allow compression on host1&#10;  Host2: Compression is off. Use --compress2 to allow compression on host2&#10;  Compression often generates annoying errors, especially with SSL connexions, Gmail, Office365. So, avoid it.&#10;  Host1: found 1 folders.&#10;  Host2: found 1 folders.&#10;  Host1: guessing separator from folder listing: [/]&#10;  Host1: No NAMESPACE capability, so using guessed separator [/]&#10;  You can set the separator character with the --sep1 option,&#10;  the complete listing of folders may help you to find it&#10;  [INBOX]&#10;  Host2: guessing separator from folder listing: [/]&#10;  Host2: No NAMESPACE capability, so using guessed separator [/]&#10;  You can set the separator character with the --sep2 option,&#10;  the complete listing of folders may help you to find it&#10;  [INBOX]&#10;  Host1: guessing prefix from folder listing: []&#10;  Host1: No NAMESPACE capability so using guessed prefix []&#10;  You can set the prefix namespace with the --prefix1 option,&#10;  the folowing listing of folders may help you to find it:&#10;  [INBOX]&#10;  Host2: guessing prefix from folder listing: []&#10;  Host2: No NAMESPACE capability so using guessed prefix []&#10;  You can set the prefix namespace with the --prefix2 option,&#10;  the folowing listing of folders may help you to find it:&#10;  [INBOX]&#10;  Host1: separator and prefix: [/][]&#10;  Host2: separator and prefix: [/][]&#10;  Looking at INBOX or Inbox on both sides and deciding of the mapping to apply. Use --nofixInboxINBOX to avoid this behavior.&#10;  INBOX INBOX on both sides so no mapping applied.&#10;  Including all folders found by default. Use --subscribed or --folder or --folderrec or --include to select specific folders. Use --exclude to unselect specific folders.&#10;  Host1: Checking wanted folders exist. Use --nocheckfoldersexist to avoid this check (shared of public namespace targeted).&#10;  Host1: Checking wanted folders are selectable. Use --nocheckselectable to avoid this check.&#10;  Turned off automapping folders ( use --automap to turn on automapping )&#10;  &#10;  ++++ Listing folders&#10;  All foldernames are presented between brackets like [X] where X is the foldername.&#10;  When a foldername contains non-ASCII characters it is presented in the form&#10;  [X] = [Y] where&#10;  X is the imap foldername you have to use in command line options and&#10;  Y is the utf8 output just printed for convenience, to recognize it.&#10;  &#10;  Host1: folders list (first the raw imap format then the [X] = [Y]):&#10;  * LIST () &quot;.&quot; &quot;INBOX&quot;&#10;  9 OK LIST completed.&#10;  &#10;  [INBOX]&#10;  &#10;  Host2: folders list (first the raw imap format then the [X] = [Y]):&#10;  * LIST () &quot;.&quot; &quot;INBOX&quot;&#10;  9 OK LIST completed.&#10;  &#10;  [INBOX]&#10;  &#10;  Checking SEARCH ALL works on both accounts. To avoid that check, use --nochecknoabletosearch&#10;  Host1: checking if SEARCH ALL works on INBOX&#10;  Host1: folder [INBOX] has 2 messages mentioned by SELECT&#10;  Host1: folder [INBOX] has 2 messages found by SEARCH ALL&#10;  Host1: folder [INBOX] has the same messages count (2) by SELECT and SEARCH ALL&#10;  Host2: checking if SEARCH ALL works on INBOX&#10;  Host2: folder [INBOX] has 0 messages mentioned by SELECT&#10;  Host2: folder [INBOX] has 0 messages found by SEARCH ALL&#10;  Host2: folder [INBOX] has the same messages count (0) by SELECT and SEARCH ALL&#10;  Good! SEARCH ALL works on both accounts.&#10;  &#10;  Folders sizes before the synchronization. It can take some time. Be patient.&#10;  You can remove foldersizes listings by using &quot;--nofoldersizes&quot; and &quot;--nofoldersizesatend&quot;&#10;  but then you will also lose the ETA (Estimation Time of Arrival) given after each message copy.&#10;  Host1 folder     1/1 [INBOX]                             Size:     22868 Messages:     2 Biggest:     22830&#10;  Host2 folder     1/1 [INBOX]                             Size:         0 Messages:     0 Biggest:         0&#10;  Host2-Host1                                                       -22868              -2             -22830&#10;  &#10;  Host1 Nb folders:                     1 folders&#10;  Host2 Nb folders:                     1 folders&#10;  &#10;  Host1 Nb messages:                    2 messages&#10;  Host2 Nb messages:                    0 messages&#10;  &#10;  Host1 Total size:                 22868 bytes (22.332 KiB)&#10;  Host2 Total size:                     0 bytes (0.000 KiB)&#10;  &#10;  Host1 Biggest message:            22830 bytes (22.295 KiB)&#10;  Host2 Biggest message:                0 bytes (0.000 KiB)&#10;  &#10;  Time spent on sizing:         0.8 seconds&#10;  ++++ Looping on each one of 1 folders to sync&#10;  ETA: Tuesday 15 September 2026-09-15 01:04:55 +0000 UTC  0 s  2/2 msgs left&#10;  Folder     1/1 [INBOX]                             -&gt; [INBOX]                            &#10;  Host1: folder [INBOX] has 2 messages in total (mentioned by SELECT)&#10;  Host2: folder [INBOX] has 0 messages in total (mentioned by SELECT)&#10;  Host2: folder [INBOX] permanentflags: &#10;  Host1: folder [INBOX] considering 2 messages&#10;  Host2: folder [INBOX] considering 0 messages&#10;  Host1: folder [INBOX] selected 2 messages, duplicates 0&#10;  Host2: folder [INBOX] selected 0 messages, duplicates 0&#10;  msg INBOX/1 skipped (22830 exceeds maxsize limit 4096 bytes)&#10;  msg INBOX/2 {351}             copied to INBOX/1          4.09 msgs/s  1.401 KiB/s 0.343 KiB copied ETA: Tuesday 15 September 2026-09-15 01:04:55 +0000 UTC  0 s  0/2 msgs left&#10;  ETA: Tuesday 15 September 2026-09-15 01:04:55 +0000 UTC  0 s  0/2 msgs left&#10;  ++++ End looping on each folder&#10;  &#10;  Folders sizes after the synchronization.&#10;  You can remove this foldersizes listing by using  &quot;--nofoldersizesatend&quot;&#10;  Host1 folder     1/1 [INBOX]                             Size:     22868 Messages:     2 Biggest:     22830&#10;  Host2 folder     1/1 [INBOX]                             Size:        38 Messages:     1 Biggest:        38&#10;  Host2-Host1                                                       -22830              -1             -22792&#10;  &#10;  Host1 Nb folders:                     1 folders&#10;  Host2 Nb folders:                     1 folders&#10;  &#10;  Host1 Nb messages:                    2 messages&#10;  Host2 Nb messages:                    1 messages&#10;  &#10;  Host1 Total size:                 22868 bytes (22.332 KiB)&#10;  Host2 Total size:                    38 bytes (0.037 KiB)&#10;  &#10;  Host1 Biggest message:            22830 bytes (22.295 KiB)&#10;  Host2 Biggest message:               38 bytes (0.037 KiB)&#10;  &#10;  Time spent on sizing:         0.2 seconds&#10;  ++++ Statistics&#10;  Transfer started on                     : Tuesday 15 September 2026-09-15 01:04:54 +0000 UTC&#10;  Transfer ended on                       : Tuesday 15 September 2026-09-15 01:04:55 +0000 UTC&#10;  Transfer time                           : 1.3 sec&#10;  Folders synced                          : 1/1 synced&#10;  Folders deleted on host2                : 0 &#10;  Messages transferred                    : 1 &#10;  Messages skipped                        : 1&#10;  Messages found duplicate on host1       : 0&#10;  Messages found duplicate on host2       : 0&#10;  Messages found crossduplicate on host2  : 0&#10;  Messages void (noheader) on host1       : 0  &#10;  Messages void (noheader) on host2       : 0&#10;  Messages found in host1 not in host2    : 1 messages&#10;  Messages found in host2 not in host1    : 0 messages&#10;  Messages deleted on host1               : 0&#10;  Messages deleted on host2               : 0&#10;  Total bytes transferred                 : 351 (0.343 KiB)&#10;  Total bytes skipped                     : 22830 (22.295 KiB)&#10;  Message rate                            : 0.8 messages/s&#10;  Average bandwidth rate                  : 0.3 KiB/s&#10;  Reconnections to host1                  : 0&#10;  Reconnections to host2                  : 0&#10;  Memory consumption at the end           : 168.3 MiB (*time 0.1 MiB*h) (started with 162.8 MiB)&#10;  Load end is                             : 0.72 0.40 0.19 1/287 on 4 cores&#10;  CPU time and %cpu                       : 0.43 sec 33.1 %cpu 8.3 %allcpus&#10;  Biggest message transferred             : 351 bytes (0.343 KiB)&#10;  Memory/biggest message ratio            : 502897.8&#10;  Start difference host2 - host1          : -2 messages, -22868 bytes (-22.332 KiB)&#10;  Final difference host2 - host1          : -1 messages, -22830 bytes (-22.295 KiB)&#10;  The sync is not finished, there are 1 among 2 identified messages in host1 that are not on host2.&#10;  There is no unidentified message on host1.&#10;  The sync is strict, all 1 identified messages in host2 are on host1.&#10;  Detected 0 errors&#10;  Check if a new imapsync release is available by adding --releasecheck&#10;  Homepage: https://imapsync.lamiral.info/&#10;  Exiting with return value 0 (EX_OK: successful termination) 0/50 nb_errors/max_errors PID 7359&#10;  Removing pidfile /home/runner/tmp/imapsync.pid&#10;  No log file because of option --nolog&#10;  &#10;assert (351 == 38)&#10; +  where 351 = MigrationReport(mode=&lt;Mode.COPY: 'copy'&gt;, transferred=1, plannable=None, skipped=1, errors=0, missing=1, unidentified=...ped_bytes=22830, transferred_bytes=351, size_filtered=1, size_filter=True, exit_code=0, cancelled=False, crashed=False).transferred_bytes">tests/integration/test_migration.py:411: in test_size_filter_skips_large_messages_and_accounts_for_them
    assert report.transferred_bytes == small and report.skipped_bytes == large, copied.stdout
E   AssertionError: Here is imapsync 2.314 /home/runner/work/Mailbox-Synchroniseur/Mailbox-Synchroniseur/.test-tools/imapsync on host runnervmlun5p, a linux system with 10.3/15.6 free GiB of RAM, 8.42% used by processes.
E     with Perl 5.38.2 and Mail::IMAPClient 3.43
E     Transfer started at Tuesday 15 September 2026-09-15 01:04:54 +0000 UTC
E     PID is 7359 my PPID is 6451
E     No log file because of option --nolog
E     Load is 0.72 0.40 0.19 1/284 on 4 cores
E     Real user id is runner (uid 1001)
E     Effective user id is runner (euid 1001)
E     $RCSfile: imapsync,v $ $Revision: 2.314 $ $Date: 2025/09/23 16:55:17 $ 
E     Command line used, run by /usr/bin/perl:
E     /home/runner/work/Mailbox-Synchroniseur/Mailbox-Synchroniseur/.test-tools/imapsync --noreleasecheck --nolog --noexpunge1 --noexpunge2 --noresyncflags --regexflag s/\\Deleted//g --host1 localhost --user1 test --port1 54819 --ssl1 --notls1 --sslargs1 SSL_verify_mode=1 --sslargs1 SSL_verifycn_scheme=imap --sslargs1 SSL_verifycn_name=localhost --timeout1 30 --host2 localhost --user2 test --port2 44519 --ssl2 --notls2 --sslargs2 SSL_verify_mode=1 --sslargs2 SSL_verifycn_scheme=imap --sslargs2 SSL_verifycn_name=localhost --timeout2 30 --maxsize 4096
E     Current directory is /tmp/pytest-of-runner/pytest-0/test_size_filter_skips_large_m0
E     Temp directory is /home/runner/tmp ( to change it use --tmpdir dirpath )
E     Creating temp directory /home/runner/tmp
E     kill -QUIT 7359 # special behavior: call to sub catch_exit
E     kill -TERM 7359 # special behavior: call to sub catch_exit
E     kill -INT 7359 # special behavior: call to sub catch_reconnect
E     kill -HUP 7359 # special behavior: call to sub catch_print
E     kill -USR1 7359 # special behavior: call to sub toggle_sleep
E     Logging is off. To turn on logging, use --log
E     File /home/runner/tmp/imapsync.pid does not exist
E     PID file is /home/runner/tmp/imapsync.pid ( to change it, use --pidfile filepath ; to avoid it use --pidfile "" )
E     Writing my PID 7359 in /home/runner/tmp/imapsync.pid
E     Modules version list ( use --no-modulesversion to turn off printing this Perl modules list ):
E     Authen::NTLM         Not installed
E     CGI                  4.63
E     Compress::Zlib       2.204
E     Crypt::OpenSSL::RSA  Not installed
E     Digest::HMAC_MD5     1.04
E     Digest::HMAC_SHA1    1.04
E     Digest::MD5          2.58_01
E     Digest::SHA          6.04
E     Encode               3.19
E     Encode::IMAPUTF7     1.05
E     File::Copy::Recursive 0.45
E     File::Spec           3.88
E     Getopt::Long         2.54
E     HTML::Entities       3.81
E     IO::Socket           1.52
E     IO::Socket::INET     1.52
E     IO::Socket::INET6    Not installed
E     IO::Socket::IP       0.4101
E     IO::Socket::SSL      2.085
E     IO::Tee              0.65
E     JSON                 4.10
E     JSON::WebToken       Not installed
E     LWP                  Not installed
E     MIME::Base64         3.16_01
E     Mail::IMAPClient     3.43
E     Net::Ping            2.76
E     Net::SSLeay          1.94
E     Term::ReadKey        2.38
E     Test::MockObject     Not installed
E     Time::HiRes          1.9775
E     Unicode::String      2.10
E     
E     Info: will not resync flags for already transferred messages. Use --resyncflags to resync flags.
E     SSL debug mode level is --debugssl 1 (can be set from 0 meaning no debug to 4 meaning max debug)
E     Host1: SSL default mode is like --sslargs1 "SSL_verify_mode=0", meaning for host1 SSL_VERIFY_NONE, ie, do not check the server certificate.
E     Host1: Use --sslargs1 SSL_verify_mode=1 to have SSL_VERIFY_PEER, ie, check the server certificate. of host1
E     Host2: SSL default mode is like --sslargs2 "SSL_verify_mode=0", meaning for host2 SSL_VERIFY_NONE, ie, do not check the server certificate.
E     Host2: Use --sslargs2 SSL_verify_mode=1 to have SSL_VERIFY_PEER, ie, check the server certificate. of host2
E     Info: turned ON syncinternaldates, will set the internal dates (arrival dates) on host2 same as host1.
E     Host1: will try to use LOGIN authentication on host1
E     Host2: will try to use LOGIN authentication on host2
E     Host1: imap connection timeout is 30 seconds
E     Host2: imap connection timeout is 30 seconds
E     Host1: imap connection keepalive is on on host1. Use --nokeepalive1 to disable it.
E     Host2: imap connection keepalive is on on host2. Use --nokeepalive2 to disable it.
E     Checking each --regexflag command with an space string.
E     Ok with each --regexflag
E     Host1: IMAP server [localhost] port [54819] user [test]
E     Host2: IMAP server [localhost] port [44519] user [test]
E     Host1: connecting and login on host1 [localhost] port [54819] with user [test]
E     Host1 IP address: 127.0.0.1 Local IP address: 127.0.0.1
E     Host1 banner: * OK IMAP4rev1 Server GreenMail v2.1.3 ready
E     Host1 capability before authentication: IMAP4rev1 LITERAL+ UIDPLUS SORT IDLE MOVE QUOTA
E     Host1: success login on [localhost] with user [test] auth [LOGIN] or [LOGIN]
E     Host2: connecting and login on host2 [localhost] port [44519] with user [test]
E     Host2 IP address: 127.0.0.1 Local IP address: 127.0.0.1
E     Host2 banner: * OK IMAP4rev1 Server GreenMail v2.1.3 ready
E     Host2 capability before authentication: IMAP4rev1 LITERAL+ UIDPLUS SORT IDLE MOVE QUOTA
E     Host2: success login on [localhost] with user [test] auth [LOGIN] or [LOGIN]
E     Host1: state Authenticated
E     Host2: state Authenticated
E     Host1 capability once authenticated: IMAP4rev1 LITERAL+ UIDPLUS SORT IDLE MOVE QUOTA
E     Host2 capability once authenticated: IMAP4rev1 LITERAL+ UIDPLUS SORT IDLE MOVE QUOTA
E     Host1: No ID capability
E     Host2: No ID capability
E     
E     Host2: QUOTA capability found, presented in raw IMAP on next lines
E     Sending: 4 GETQUOTAROOT INBOX
E     Sent 22 bytes
E     Read: 	* QUOTAROOT INBOX
E     Read: 	4 OK GETQUOTAROOT completed.
E     
E     Host2: Quota current storage is 0 bytes. Limit is 0 bytes. So 0 % full
E     Host1: Compression is off. Use --compress1 to allow compression on host1
E     Host2: Compression is off. Use --compress2 to allow compression on host2
E     Compression often generates annoying errors, especially with SSL connexions, Gmail, Office365. So, avoid it.
E     Host1: found 1 folders.
E     Host2: found 1 folders.
E     Host1: guessing separator from folder listing: [/]
E     Host1: No NAMESPACE capability, so using guessed separator [/]
E     You can set the separator character with the --sep1 option,
E     the complete listing of folders may help you to find it
E     [INBOX]
E     Host2: guessing separator from folder listing: [/]
E     Host2: No NAMESPACE capability, so using guessed separator [/]
E     You can set the separator character with the --sep2 option,
E     the complete listing of folders may help you to find it
E     [INBOX]
E     Host1: guessing prefix from folder listing: []
E     Host1: No NAMESPACE capability so using guessed prefix []
E     You can set the prefix namespace with the --prefix1 option,
E     the folowing listing of folders may help you to find it:
E     [INBOX]
E     Host2: guessing prefix from folder listing: []
E     Host2: No NAMESPACE capability so using guessed prefix []
E     You can set the prefix namespace with the --prefix2 option,
E     the folowing listing of folders may help you to find it:
E     [INBOX]
E     Host1: separator and prefix: [/][]
E     Host2: separator and prefix: [/][]
E     Looking at INBOX or Inbox on both sides and deciding of the mapping to apply. Use --nofixInboxINBOX to avoid this behavior.
E     INBOX INBOX on both sides so no mapping applied.
E     Including all folders found by default. Use --subscribed or --folder or --folderrec or --include to select specific folders. Use --exclude to unselect specific folders.
E     Host1: Checking wanted folders exist. Use --nocheckfoldersexist to avoid this check (shared of public namespace targeted).
E     Host1: Checking wanted folders are selectable. Use --nocheckselectable to avoid this check.
E     Turned off automapping folders ( use --automap to turn on automapping )
E     
E     ++++ Listing folders
E     All foldernames are presented between brackets like [X] where X is the foldername.
E     When a foldername contains non-ASCII characters it is presented in the form
E     [X] = [Y] where
E     X is the imap foldername you have to use in command line options and
E     Y is the utf8 output just printed for convenience, to recognize it.
E     
E     Host1: folders list (first the raw imap format then the [X] = [Y]):
E     * LIST () "." "INBOX"
E     9 OK LIST completed.
E     
E     [INBOX]
E     
E     Host2: folders list (first the raw imap format then the [X] = [Y]):
E     * LIST () "." "INBOX"
E     9 OK LIST completed.
E     
E     [INBOX]
E     
E     Checking SEARCH ALL works on both accounts. To avoid that check, use --nochecknoabletosearch
E     Host1: checking if SEARCH ALL works on INBOX
E     Host1: folder [INBOX] has 2 messages mentioned by SELECT
E     Host1: folder [INBOX] has 2 messages found by SEARCH ALL
E     Host1: folder [INBOX] has the same messages count (2) by SELECT and SEARCH ALL
E     Host2: checking if SEARCH ALL works on INBOX
E     Host2: folder [INBOX] has 0 messages mentioned by SELECT
E     Host2: folder [INBOX] has 0 messages found by SEARCH ALL
E     Host2: folder [INBOX] has the same messages count (0) by SELECT and SEARCH ALL
E     Good! SEARCH ALL works on both accounts.
E     
E     Folders sizes before the synchronization. It can take some time. Be patient.
E     You can remove foldersizes listings by using "--nofoldersizes" and "--nofoldersizesatend"
E     but then you will also lose the ETA (Estimation Time of Arrival) given after each message copy.
E     Host1 folder     1/1 [INBOX]                             Size:     22868 Messages:     2 Biggest:     22830
E     Host2 folder     1/1 [INBOX]                             Size:         0 Messages:     0 Biggest:         0
E     Host2-Host1                                                       -22868              -2             -22830
E     
E     Host1 Nb folders:                     1 folders
E     Host2 Nb folders:                     1 folders
E     
E     Host1 Nb messages:                    2 messages
E     Host2 Nb messages:                    0 messages
E     
E     Host1 Total size:                 22868 bytes (22.332 KiB)
E     Host2 Total size:                     0 bytes (0.000 KiB)
E     
E     Host1 Biggest message:            22830 bytes (22.295 KiB)
E     Host2 Biggest message:                0 bytes (0.000 KiB)
E     
E     Time spent on sizing:         0.8 seconds
E     ++++ Looping on each one of 1 folders to sync
E     ETA: Tuesday 15 September 2026-09-15 01:04:55 +0000 UTC  0 s  2/2 msgs left
E     Folder     1/1 [INBOX]                             -&gt; [INBOX]                            
E     Host1: folder [INBOX] has 2 messages in total (mentioned by SELECT)
E     Host2: folder [INBOX] has 0 messages in total (mentioned by SELECT)
E     Host2: folder [INBOX] permanentflags: 
E     Host1: folder [INBOX] considering 2 messages
E     Host2: folder [INBOX] considering 0 messages
E     Host1: folder [INBOX] selected 2 messages, duplicates 0
E     Host2: folder [INBOX] selected 0 messages, duplicates 0
E     msg INBOX/1 skipped (22830 exceeds maxsize limit 4096 bytes)
E     msg INBOX/2 {351}             copied to INBOX/1          4.09 msgs/s  1.401 KiB/s 0.343 KiB copied ETA: Tuesday 15 September 2026-09-15 01:04:55 +0000 UTC  0 s  0/2 msgs left
E     ETA: Tuesday 15 September 2026-09-15 01:04:55 +0000 UTC  0 s  0/2 msgs left
E     ++++ End looping on each folder
E     
E     Folders sizes after the synchronization.
E     You can remove this foldersizes listing by using  "--nofoldersizesatend"
E     Host1 folder     1/1 [INBOX]                             Size:     22868 Messages:     2 Biggest:     22830
E     Host2 folder     1/1 [INBOX]                             Size:        38 Messages:     1 Biggest:        38
E     Host2-Host1                                                       -22830              -1             -22792
E     
E     Host1 Nb folders:                     1 folders
E     Host2 Nb folders:                     1 folders
E     
E     Host1 Nb messages:                    2 messages
E     Host2 Nb messages:                    1 messages
E     
E     Host1 Total size:                 22868 bytes (22.332 KiB)
E     Host2 Total size:                    38 bytes (0.037 KiB)
E     
E     Host1 Biggest message:            22830 bytes (22.295 KiB)
E     Host2 Biggest message:               38 bytes (0.037 KiB)
E     
E     Time spent on sizing:         0.2 seconds
E     ++++ Statistics
E     Transfer started on                     : Tuesday 15 September 2026-09-15 01:04:54 +0000 UTC
E     Transfer ended on                       : Tuesday 15 September 2026-09-15 01:04:55 +0000 UTC
E     Transfer time                           : 1.3 sec
E     Folders synced                          : 1/1 synced
E     Folders deleted on host2                : 0 
E     Messages transferred                    : 1 
E     Messages skipped                        : 1
E     Messages found duplicate on host1       : 0
E     Messages found duplicate on host2       : 0
E     Messages found crossduplicate on host2  : 0
E     Messages void (noheader) on host1       : 0  
E     Messages void (noheader) on host2       : 0
E     Messages found in host1 not in host2    : 1 messages
E     Messages found in host2 not in host1    : 0 messages
E     Messages deleted on host1               : 0
E     Messages deleted on host2               : 0
E     Total bytes transferred                 : 351 (0.343 KiB)
E     Total bytes skipped                     : 22830 (22.295 KiB)
E     Message rate                            : 0.8 messages/s
E     Average bandwidth rate                  : 0.3 KiB/s
E     Reconnections to host1                  : 0
E     Reconnections to host2                  : 0
E     Memory consumption at the end           : 168.3 MiB (*time 0.1 MiB*h) (started with 162.8 MiB)
E     Load end is                             : 0.72 0.40 0.19 1/287 on 4 cores
E     CPU time and %cpu                       : 0.43 sec 33.1 %cpu 8.3 %allcpus
E     Biggest message transferred             : 351 bytes (0.343 KiB)
E     Memory/biggest message ratio            : 502897.8
E     Start difference host2 - host1          : -2 messages, -22868 bytes (-22.332 KiB)
E     Final difference host2 - host1          : -1 messages, -22830 bytes (-22.295 KiB)
E     The sync is not finished, there are 1 among 2 identified messages in host1 that are not on host2.
E     There is no unidentified message on host1.
E     The sync is strict, all 1 identified messages in host2 are on host1.
E     Detected 0 errors
E     Check if a new imapsync release is available by adding --releasecheck
E     Homepage: https://imapsync.lamiral.info/
E     Exiting with return value 0 (EX_OK: successful termination) 0/50 nb_errors/max_errors PID 7359
E     Removing pidfile /home/runner/tmp/imapsync.pid
E     No log file because of option --nolog
E     
E   assert (351 == 38)
E    +  where 351 = MigrationReport(mode=&lt;Mode.COPY: 'copy'&gt;, transferred=1, plannable=None, skipped=1, errors=0, missing=1, unidentified=...ped_bytes=22830, transferred_bytes=351, size_filtered=1, size_filter=True, exit_code=0, cancelled=False, crashed=False).transferred_bytes</failure></testcase><testcase classname="tests.integration.test_migration" name="test_size_filter_skips_large_messages_and_accounts_for_them[STARTTLS]" time="4.846" /></testsuite></testsuites>